<?xml version="1.0" encoding="UTF-8"?>
<!-- Generated by org.testng.reporters.JUnitReportReporter -->
<testsuite hostname="DESKTOP-Q0RMI1I" failures="0" tests="1" name="contactTest.JenkinsParamerterTest" time="0.010" errors="0" timestamp="2022-03-16T16:52:06 IST" skipped="0">
  <testcase classname="contactTest.JenkinsParamerterTest" name="jenkinsParamerterTest" time="0.010"/>
  <system-out/>
</testsuite> <!-- contactTest.JenkinsParamerterTest -->
