<?xml version="1.0" encoding="UTF-8"?>
<!-- Generated by org.testng.reporters.JUnitReportReporter -->
<testsuite hostname="DESKTOP-Q0RMI1I" failures="0" tests="1" name="contactTest.ReadDataTest" time="0.009" errors="0" timestamp="2022-03-14T22:47:50 IST" skipped="0">
  <testcase classname="contactTest.ReadDataTest" name="readDataTest" time="0.009"/>
  <system-out/>
</testsuite> <!-- contactTest.ReadDataTest -->
