<?xml version="1.0" encoding="UTF-8"?>
<!-- Generated by org.testng.reporters.JUnitReportReporter -->
<testsuite skipped="0" hostname="DESKTOP-Q0RMI1I" name="orgTest.CreateOrgTest" tests="2" failures="0" timestamp="2022-03-16T11:46:24 IST" time="0.001" errors="0">
  <testcase name="createOrgTest1" time="0.000" classname="orgTest.CreateOrgTest"/>
  <system-out/>
  <testcase name="createOrgTest" time="0.001" classname="orgTest.CreateOrgTest"/>
  <system-out/>
</testsuite> <!-- orgTest.CreateOrgTest -->
