<?xml version="1.0" encoding="UTF-8"?>
<!-- Generated by org.testng.reporters.JUnitReportReporter -->
<testsuite skipped="0" hostname="DESKTOP-Q0RMI1I" name="contactTest.JenkinsParamerterTest" tests="1" failures="0" timestamp="2022-03-16T11:46:24 IST" time="0.000" errors="0">
  <testcase name="jenkinsParamerterTest" time="0.000" classname="contactTest.JenkinsParamerterTest"/>
  <system-out/>
</testsuite> <!-- contactTest.JenkinsParamerterTest -->
