<?xml version="1.0" encoding="UTF-8"?>
<!-- Generated by org.testng.reporters.JUnitReportReporter -->
<testsuite skipped="0" hostname="DESKTOP-Q0RMI1I" name="contactTest.CreateContactTest" tests="2" failures="0" timestamp="2022-03-16T11:46:24 IST" time="0.009" errors="0">
  <testcase name="createContactTest" time="0.009" classname="contactTest.CreateContactTest"/>
  <system-out/>
  <testcase name="createContactTest1" time="0.000" classname="contactTest.CreateContactTest"/>
  <system-out/>
</testsuite> <!-- contactTest.CreateContactTest -->
